eeschema (2013-07-07 BZR 4022)-stable  >> Creation date: 21/08/2014 23:31:50
#Cmp ( order = Reference )
| C1         0.1uF       
| C2         220uF       
| C3         22pF        
| C4         1.5uF       
| C5         0.1uF       
| C6         0.1uF       
| C7         1.5uF       
| C8         0.1uF       
| C9         0.1uF       
| C10        22pF        
| C11        220uF       
| C12        1.5uF       
| C13        0.1uF       
| C14        0.1uF       
| C15        1.5uF       
| C16        0.1uF       
| C17        0.1uF       
| C18        10nF        
| C19        0.1uF       
| C20        0.1uF       
| C21        0.1uF       
| C22        10uF        
| C23        0.1uF       
| D1         1N4001      
| D2         1n4148      
| D3         LED         
| D4         1N4734A     
| D5         1N4734A     
| D6         LM385-1.2   
| D7         1N4734A     
| D8         1N4734A     
| IC1        ATMEGA8-P   
| J1         PWR JACK    
| J2         ICSP        
| J3         SKIN_EL     
| J4         MINIUSB     
| L1         100uH       
| Q1         2N3904      
| R1         10k         
| R2         47k         
| R3         100k        
| R4         100k        
| R5         100R        
| R6         100R        
| R7         330R        
| R8         330R        
| R9         15k         
| R10        200R        
| R11        100R        
| R12        3k9         
| R13        100k        
| R14        100k        
| R15        100R        
| R16        100R        
| R17        10k         
| RV1        20k         
| SW1        SW_PUSH     
| U1         TLE2426     
| U2         OP177       
| U3         OP177       
| U4         TL431LP     
| U5         OP177       
| U6         OP177       
| U7         OP177       
| U8         FT232RL     
| X1         16MHz       
#End Cmp

#Cmp ( order = Value )
| 22pF         C3        
| 22pF         C10       
| 10nF         C18       
| 0.1uF        C1        
| 0.1uF        C5        
| 0.1uF        C6        
| 0.1uF        C8        
| 0.1uF        C9        
| 0.1uF        C13       
| 0.1uF        C14       
| 0.1uF        C16       
| 0.1uF        C17       
| 0.1uF        C19       
| 0.1uF        C20       
| 0.1uF        C21       
| 0.1uF        C23       
| 1.5uF        C4        
| 1.5uF        C7        
| 1.5uF        C12       
| 1.5uF        C15       
| 10uF         C22       
| 220uF        C2        
| 220uF        C11       
| 1n4148       D2        
| 1N4001       D1        
| LED          D3        
| 1N4734A      D4        
| 1N4734A      D5        
| LM385-1.2    D6        
| 1N4734A      D7        
| 1N4734A      D8        
| ATMEGA8-P    IC1       
| PWR JACK     J1        
| ICSP         J2        
| SKIN_EL      J3        
| MINIUSB      J4        
| 100uH        L1        
| 2N3904       Q1        
| 100R         R5        
| 100R         R6        
| 100R         R11       
| 100R         R15       
| 100R         R16       
| 200R         R10       
| 330R         R7        
| 330R         R8        
| 3k9          R12       
| 10k          R1        
| 10k          R17       
| 15k          R9        
| 47k          R2        
| 100k         R3        
| 100k         R4        
| 100k         R13       
| 100k         R14       
| 20k          RV1       
| SW_PUSH      SW1       
| TLE2426      U1        
| FT232RL      U8        
| TL431LP      U4        
| OP177        U2        
| OP177        U3        
| OP177        U5        
| OP177        U6        
| OP177        U7        
| 16MHz        X1        
#End Cmp

#End List
